<?xml version="1.0" encoding="UTF-8"?>
<!-- Generated by org.testng.reporters.JUnitXMLReporter -->
<testsuite hostname="Ahmets-MacBook-Pro.local" ignored="4" name="Default test" tests="1" failures="0" timestamp="29 Jul 2018 22:19:41 GMT" time="4.684" errors="0">
  <testcase name="ThreespaceSearch" time="1.427" classname="gov.healthdata.tests.HealthDataTests"/>
  <testcase name="positiveSearch" time="0.0" classname="gov.healthdata.tests.HealthDataTests">
    <ignored/>
  </testcase> <!-- positiveSearch -->
  <testcase name="EmptySearch" time="0.0" classname="gov.healthdata.tests.HealthDataTests">
    <ignored/>
  </testcase> <!-- EmptySearch -->
  <testcase name="tagOptions" time="0.0" classname="gov.healthdata.tests.HealthDataTests">
    <ignored/>
  </testcase> <!-- tagOptions -->
  <testcase name="Repeated" time="0.0" classname="gov.healthdata.tests.HealthDataTests">
    <ignored/>
  </testcase> <!-- Repeated -->
</testsuite> <!-- Default test -->
