<?xml version="1.0" encoding="UTF-8"?>
<!-- Generated by org.testng.reporters.JUnitXMLReporter -->
<testsuite hostname="DESKTOP-C9OMQNM" ignored="6" name="Default test" tests="1" failures="0" timestamp="01 Aug 2018 18:28:21 GMT" time="8.691" errors="0">
  <testcase name="Verify_the_result_match_filter_keyword_topic_result" time="2.077" classname="gov.healthdata.tests.HealthDataTests"/>
  <testcase name="positiveSearch" time="0.0" classname="gov.healthdata.tests.HealthDataTests">
    <ignored/>
  </testcase> <!-- positiveSearch -->
  <testcase name="ThreespaceSearch" time="0.0" classname="gov.healthdata.tests.HealthDataTests">
    <ignored/>
  </testcase> <!-- ThreespaceSearch -->
  <testcase name="EmptySearch" time="0.0" classname="gov.healthdata.tests.HealthDataTests">
    <ignored/>
  </testcase> <!-- EmptySearch -->
  <testcase name="Title" time="0.0" classname="gov.healthdata.tests.HealthDataTests">
    <ignored/>
  </testcase> <!-- Title -->
  <testcase name="tagOptions" time="0.0" classname="gov.healthdata.tests.HealthDataTests">
    <ignored/>
  </testcase> <!-- tagOptions -->
  <testcase name="Repeated" time="0.0" classname="gov.healthdata.tests.HealthDataTests">
    <ignored/>
  </testcase> <!-- Repeated -->
</testsuite> <!-- Default test -->
