<?xml version="1.0" encoding="UTF-8"?>
<testng-results skipped="0" failed="0" ignored="4" total="5" passed="1">
  <reporter-output>
  </reporter-output>
  <suite name="Default suite" duration-ms="4044" started-at="2018-07-29T21:38:01Z" finished-at="2018-07-29T21:38:05Z">
    <groups>
    </groups>
    <test name="Default test" duration-ms="4044" started-at="2018-07-29T21:38:01Z" finished-at="2018-07-29T21:38:05Z">
      <class name="gov.healthdata.tests.HealthDataTests">
        <test-method status="PASS" signature="setUp()[pri:0, instance:gov.healthdata.tests.HealthDataTests@1794d431]" name="setUp" is-config="true" duration-ms="3041" started-at="2018-07-29T21:38:01Z" finished-at="2018-07-29T21:38:04Z">
          <reporter-output>
          </reporter-output>
        </test-method> <!-- setUp -->
        <test-method status="PASS" signature="EmptySearch()[pri:3, instance:gov.healthdata.tests.HealthDataTests@1794d431]" name="EmptySearch" duration-ms="882" started-at="2018-07-29T21:38:04Z" description="T05 by Ahmet" finished-at="2018-07-29T21:38:05Z">
          <reporter-output>
          </reporter-output>
        </test-method> <!-- EmptySearch -->
        <test-method status="PASS" signature="tearDown()[pri:0, instance:gov.healthdata.tests.HealthDataTests@1794d431]" name="tearDown" is-config="true" duration-ms="100" started-at="2018-07-29T21:38:05Z" finished-at="2018-07-29T21:38:05Z">
          <reporter-output>
          </reporter-output>
        </test-method> <!-- tearDown -->
      </class> <!-- gov.healthdata.tests.HealthDataTests -->
    </test> <!-- Default test -->
  </suite> <!-- Default suite -->
</testng-results>
