<?xml version="1.0" encoding="UTF-8"?>
<testng-results skipped="0" failed="0" ignored="6" total="7" passed="1">
  <reporter-output>
  </reporter-output>
  <suite name="Default suite" duration-ms="6449" started-at="2018-08-06T18:42:16Z" finished-at="2018-08-06T18:42:23Z">
    <groups>
    </groups>
    <test name="Default test" duration-ms="6449" started-at="2018-08-06T18:42:16Z" finished-at="2018-08-06T18:42:23Z">
      <class name="gov.healthdata.tests.HealthDataTests">
        <test-method status="PASS" signature="setUp()[pri:0, instance:gov.healthdata.tests.HealthDataTests@1794d431]" name="setUp" is-config="true" duration-ms="2798" started-at="2018-08-06T18:42:16Z" finished-at="2018-08-06T18:42:19Z">
          <reporter-output>
          </reporter-output>
        </test-method> <!-- setUp -->
        <test-method status="PASS" signature="tagOptions()[pri:2, instance:gov.healthdata.tests.HealthDataTests@1794d431]" name="tagOptions" duration-ms="3536" started-at="2018-08-06T18:42:19Z" description="T013 by Khaliunaa" finished-at="2018-08-06T18:42:22Z">
          <reporter-output>
          </reporter-output>
        </test-method> <!-- tagOptions -->
        <test-method status="PASS" signature="tearDown()[pri:0, instance:gov.healthdata.tests.HealthDataTests@1794d431]" name="tearDown" is-config="true" duration-ms="92" started-at="2018-08-06T18:42:22Z" finished-at="2018-08-06T18:42:23Z">
          <reporter-output>
          </reporter-output>
        </test-method> <!-- tearDown -->
      </class> <!-- gov.healthdata.tests.HealthDataTests -->
    </test> <!-- Default test -->
  </suite> <!-- Default suite -->
</testng-results>
